<?xml version="1.0" encoding="UTF-8"?>
<testsuite xmlns:xsi="http://www.w3.org/2001/XMLSchema-instance" xsi:noNamespaceSchemaLocation="https://maven.apache.org/surefire/maven-surefire-plugin/xsd/surefire-test-report-3.0.xsd" version="3.0" name="com.andrewccartwright.hjcartwright_backend.HjcartwrightBackendApplicationTests" time="1.75" tests="1" errors="0" skipped="0" failures="0">
  <properties>
[...]
</properties>
  <testcase name="contextLoads" classname="com.andrewccartwright.hjcartwright_backend.HjcartwrightBackendApplicationTests" time="0.621">
    <system-out><![CDATA[10:23:06.083 [main] INFO org.springframework.test.context.support.AnnotationConfigContextLoaderUtils -- Could not detect default configuration classes for test class [com.andrewccartwright.hjcartwright_backend.HjcartwrightBackendApplicationTests]: HjcartwrightBackendApplicationTests does not declare any static, non-private, non-final, nested classes annotated with @Configuration.
10:23:06.154 [main] INFO org.springframework.boot.test.context.SpringBootTestContextBootstrapper -- Found @SpringBootConfiguration com.andrewccartwright.hjcartwright_backend.HjcartwrightBackendApplication for test class com.andrewccartwright.hjcartwright_backend.HjcartwrightBackendApplicationTests

  .   ____          _            __ _ _
 /\\ / ___'_ __ _ _(_)_ __  __ _ \ \ \ \
( ( )\___ | '_ | '_| | '_ \/ _` | \ \ \ \
 \\/  ___)| |_)| | | | | || (_| |  ) ) ) )
  '  |____| .__|_| |_|_| |_\__, | / / / /
 =========|_|==============|___/=/_/_/_/

 :: Spring Boot ::                (v3.3.3)

2024-09-05T10:23:06.401-06:00  INFO 70718 --- [hjcartwright-backend] [           main] .a.h.HjcartwrightBackendApplicationTests : Starting HjcartwrightBackendApplicationTests using Java 21.0.3 with PID 70718 (started by andrewhatch in /Users/andrewhatch/coding-projects/hjcartwright-backend)
2024-09-05T10:23:06.402-06:00  INFO 70718 --- [hjcartwright-backend] [           main] .a.h.HjcartwrightBackendApplicationTests : No active profile set, falling back to 1 default profile: "default"
2024-09-05T10:23:07.071-06:00  INFO 70718 --- [hjcartwright-backend] [           main] .a.h.HjcartwrightBackendApplicationTests : Started HjcartwrightBackendApplicationTests in 0.833 seconds (process running for 1.444)
]]></system-out>
    <system-err><![CDATA[WARNING: A Java agent has been loaded dynamically (/Users/andrewhatch/.m2/repository/net/bytebuddy/byte-buddy-agent/1.14.19/byte-buddy-agent-1.14.19.jar)
WARNING: If a serviceability tool is in use, please run with -XX:+EnableDynamicAgentLoading to hide this warning
WARNING: If a serviceability tool is not in use, please run with -Djdk.instrument.traceUsage for more information
WARNING: Dynamic loading of agents will be disallowed by default in a future release
]]></system-err>
  </testcase>
</testsuite>